{
  "stats": {
    "suites": 10,
    "tests": 33,
    "passes": 29,
    "pending": 0,
    "failures": 4,
    "start": "2021-12-02T18:14:30.650Z",
    "end": "2021-12-02T18:14:30.770Z",
    "duration": 120,
    "testsRegistered": 33,
    "passPercent": 87.87878787878788,
    "pendingPercent": 0,
    "other": 0,
    "hasOther": false,
    "skipped": 0,
    "hasSkipped": false
  },
  "results": [
    {
      "uuid": "3de61016-a191-44dd-8db1-7db6f29529f0",
      "title": "",
      "fullFile": "",
      "file": "",
      "beforeHooks": [],
      "afterHooks": [],
      "tests": [],
      "suites": [
        {
          "uuid": "c65923b7-2114-4add-8139-e7778f21be7b",
          "title": "add.js",
          "fullFile": "/Users/onkalo/Downloads/website/testing/COMP.SE.200-2021-2022-1/test/test.js",
          "file": "/test/test.js",
          "beforeHooks": [],
          "afterHooks": [],
          "tests": [
            {
              "title": "should return a number",
              "fullTitle": "add.js should return a number",
              "timedOut": false,
              "duration": 2,
              "state": "passed",
              "speed": "fast",
              "pass": true,
              "fail": false,
              "pending": false,
              "context": null,
              "code": "const augend = 4;\nconst addend = 6;\nconst total = add(augend, addend);\nexpect(total).to.be.a('number');",
              "err": {},
              "uuid": "47a40166-eed2-4e91-b71a-80122d33d394",
              "parentUUID": "c65923b7-2114-4add-8139-e7778f21be7b",
              "isHook": false,
              "skipped": false
            },
            {
              "title": "should return 10 with parameters 4, 6",
              "fullTitle": "add.js should return 10 with parameters 4, 6",
              "timedOut": false,
              "duration": 1,
              "state": "passed",
              "speed": "fast",
              "pass": true,
              "fail": false,
              "pending": false,
              "context": null,
              "code": "const augend = 4;\nconst addend = 6;\nconst total = add(augend, addend);\nexpect(total).to.equal(10);",
              "err": {},
              "uuid": "17004111-c59c-4e72-8e18-2545266b5dd0",
              "parentUUID": "c65923b7-2114-4add-8139-e7778f21be7b",
              "isHook": false,
              "skipped": false
            },
            {
              "title": "should return 5 with parameters -1, 5",
              "fullTitle": "add.js should return 5 with parameters -1, 5",
              "timedOut": false,
              "duration": 0,
              "state": "passed",
              "speed": "fast",
              "pass": true,
              "fail": false,
              "pending": false,
              "context": null,
              "code": "const augend = -1;\nconst addend = 6;\nconst total = add(augend, addend);\nexpect(total).to.equal(5);",
              "err": {},
              "uuid": "d51200bb-c71c-4859-bdba-912e606ece0f",
              "parentUUID": "c65923b7-2114-4add-8139-e7778f21be7b",
              "isHook": false,
              "skipped": false
            }
          ],
          "suites": [],
          "passes": [
            "47a40166-eed2-4e91-b71a-80122d33d394",
            "17004111-c59c-4e72-8e18-2545266b5dd0",
            "d51200bb-c71c-4859-bdba-912e606ece0f"
          ],
          "failures": [],
          "pending": [],
          "skipped": [],
          "duration": 3,
          "root": false,
          "rootEmpty": false,
          "_timeout": 10000
        },
        {
          "uuid": "02d3b94b-229e-416f-abc0-33484e58c784",
          "title": "capitalize.js",
          "fullFile": "/Users/onkalo/Downloads/website/testing/COMP.SE.200-2021-2022-1/test/test.js",
          "file": "/test/test.js",
          "beforeHooks": [],
          "afterHooks": [],
          "tests": [
            {
              "title": "should return a string",
              "fullTitle": "capitalize.js should return a string",
              "timedOut": false,
              "duration": 1,
              "state": "passed",
              "speed": "fast",
              "pass": true,
              "fail": false,
              "pending": false,
              "context": null,
              "code": "const string = 'FRED';\nconst capitalized = capitalize(string);\nexpect(capitalized).to.be.a('string');",
              "err": {},
              "uuid": "b511953f-3e1a-4f6b-800d-ea715860f649",
              "parentUUID": "02d3b94b-229e-416f-abc0-33484e58c784",
              "isHook": false,
              "skipped": false
            },
            {
              "title": "should return \"Fred\" with parameter \"FRED\"",
              "fullTitle": "capitalize.js should return \"Fred\" with parameter \"FRED\"",
              "timedOut": false,
              "duration": 0,
              "state": "passed",
              "speed": "fast",
              "pass": true,
              "fail": false,
              "pending": false,
              "context": null,
              "code": "const string = 'FRED';\nconst capitalized = capitalize(string);\nexpect(capitalized).to.equal('Fred');",
              "err": {},
              "uuid": "0fc4bcaf-515a-4436-a51d-65868741770b",
              "parentUUID": "02d3b94b-229e-416f-abc0-33484e58c784",
              "isHook": false,
              "skipped": false
            },
            {
              "title": "should return \"Joe\" with parameter \"joe\"",
              "fullTitle": "capitalize.js should return \"Joe\" with parameter \"joe\"",
              "timedOut": false,
              "duration": 0,
              "state": "passed",
              "speed": "fast",
              "pass": true,
              "fail": false,
              "pending": false,
              "context": null,
              "code": "const string = 'joe';\nconst capitalized = capitalize(string);\nexpect(capitalized).to.equal('Joe');",
              "err": {},
              "uuid": "29df2675-9770-4826-a426-4060de74ff0f",
              "parentUUID": "02d3b94b-229e-416f-abc0-33484e58c784",
              "isHook": false,
              "skipped": false
            }
          ],
          "suites": [],
          "passes": [
            "b511953f-3e1a-4f6b-800d-ea715860f649",
            "0fc4bcaf-515a-4436-a51d-65868741770b",
            "29df2675-9770-4826-a426-4060de74ff0f"
          ],
          "failures": [],
          "pending": [],
          "skipped": [],
          "duration": 1,
          "root": false,
          "rootEmpty": false,
          "_timeout": 10000
        },
        {
          "uuid": "9f33af90-3a65-4355-87d6-be5c09f0ece9",
          "title": "words.js",
          "fullFile": "/Users/onkalo/Downloads/website/testing/COMP.SE.200-2021-2022-1/test/test.js",
          "file": "/test/test.js",
          "beforeHooks": [],
          "afterHooks": [],
          "tests": [
            {
              "title": "should return an array",
              "fullTitle": "words.js should return an array",
              "timedOut": false,
              "duration": 0,
              "state": "passed",
              "speed": "fast",
              "pass": true,
              "fail": false,
              "pending": false,
              "context": null,
              "code": "const string = 'fred, barney, & pebbles';\nconst wordsArray = words(string);\nexpect(wordsArray).to.be.a('array');",
              "err": {},
              "uuid": "7a81bddc-442f-4649-9b62-876a3feb3e2c",
              "parentUUID": "9f33af90-3a65-4355-87d6-be5c09f0ece9",
              "isHook": false,
              "skipped": false
            },
            {
              "title": "should return an array with a length of 3",
              "fullTitle": "words.js should return an array with a length of 3",
              "timedOut": false,
              "duration": 4,
              "state": "passed",
              "speed": "fast",
              "pass": true,
              "fail": false,
              "pending": false,
              "context": null,
              "code": "const string = 'fred, barney, & pebbles';\nconst wordsArray = words(string);\nexpect(wordsArray).to.have.lengthOf(3);",
              "err": {},
              "uuid": "9bb0007e-2cd2-45d7-8ee3-d4bbfa0c1b7f",
              "parentUUID": "9f33af90-3a65-4355-87d6-be5c09f0ece9",
              "isHook": false,
              "skipped": false
            },
            {
              "title": "should return an array with a length of 4",
              "fullTitle": "words.js should return an array with a length of 4",
              "timedOut": false,
              "duration": 1,
              "state": "passed",
              "speed": "fast",
              "pass": true,
              "fail": false,
              "pending": false,
              "context": null,
              "code": "const string = 'fred, barney, & pebbles';\nconst regExp = /[^, ]+/g;\nconst wordsArray = words(string, regExp);\nexpect(wordsArray).to.have.lengthOf(4);",
              "err": {},
              "uuid": "7993de83-f067-4357-aed5-09d9c9d5840a",
              "parentUUID": "9f33af90-3a65-4355-87d6-be5c09f0ece9",
              "isHook": false,
              "skipped": false
            }
          ],
          "suites": [],
          "passes": [
            "7a81bddc-442f-4649-9b62-876a3feb3e2c",
            "9bb0007e-2cd2-45d7-8ee3-d4bbfa0c1b7f",
            "7993de83-f067-4357-aed5-09d9c9d5840a"
          ],
          "failures": [],
          "pending": [],
          "skipped": [],
          "duration": 5,
          "root": false,
          "rootEmpty": false,
          "_timeout": 10000
        },
        {
          "uuid": "ac523feb-1c98-43fa-bea9-534eee4b92cb",
          "title": "filter.js",
          "fullFile": "/Users/onkalo/Downloads/website/testing/COMP.SE.200-2021-2022-1/test/test.js",
          "file": "/test/test.js",
          "beforeHooks": [],
          "afterHooks": [],
          "tests": [
            {
              "title": "should return an array",
              "fullTitle": "filter.js should return an array",
              "timedOut": false,
              "duration": 1,
              "state": "passed",
              "speed": "fast",
              "pass": true,
              "fail": false,
              "pending": false,
              "context": null,
              "code": "const array = [\n    { 'user': 'barney', 'active': true },\n    { 'user': 'fred', 'active': false }\n];\nconst filtered = filter(array, ({ active }) => active);\nexpect(filtered).to.be.a('array');",
              "err": {},
              "uuid": "ac946a63-f624-4360-b36d-3beedaef9371",
              "parentUUID": "ac523feb-1c98-43fa-bea9-534eee4b92cb",
              "isHook": false,
              "skipped": false
            },
            {
              "title": "should return an array with a length of 1",
              "fullTitle": "filter.js should return an array with a length of 1",
              "timedOut": false,
              "duration": 0,
              "state": "passed",
              "speed": "fast",
              "pass": true,
              "fail": false,
              "pending": false,
              "context": null,
              "code": "const array = [\n    { 'user': 'barney', 'active': true },\n    { 'user': 'fred', 'active': false }\n];\nconst filtered = filter(array, ({ active }) => active);\nexpect(filtered).to.have.lengthOf(1);",
              "err": {},
              "uuid": "d5aefbda-e7ce-4ae6-af0d-f7655d519896",
              "parentUUID": "ac523feb-1c98-43fa-bea9-534eee4b92cb",
              "isHook": false,
              "skipped": false
            },
            {
              "title": "should return an array with a length of 2",
              "fullTitle": "filter.js should return an array with a length of 2",
              "timedOut": false,
              "duration": 0,
              "state": "passed",
              "speed": "fast",
              "pass": true,
              "fail": false,
              "pending": false,
              "context": null,
              "code": "const array = [\n    { 'user': 'barney', 'active': true },\n    { 'user': 'fred', 'active': false },\n    { 'user': 'alice', 'active': true },\n    { 'user': 'bob', 'active': false },\n];\nconst filtered = filter(array, ({ active }) => active);\nexpect(filtered).to.have.lengthOf(2);",
              "err": {},
              "uuid": "ef8867d4-232e-4e08-8d64-4f3287d5e413",
              "parentUUID": "ac523feb-1c98-43fa-bea9-534eee4b92cb",
              "isHook": false,
              "skipped": false
            }
          ],
          "suites": [],
          "passes": [
            "ac946a63-f624-4360-b36d-3beedaef9371",
            "d5aefbda-e7ce-4ae6-af0d-f7655d519896",
            "ef8867d4-232e-4e08-8d64-4f3287d5e413"
          ],
          "failures": [],
          "pending": [],
          "skipped": [],
          "duration": 1,
          "root": false,
          "rootEmpty": false,
          "_timeout": 10000
        },
        {
          "uuid": "7992fec3-38aa-416d-90b2-5b02633eae4c",
          "title": "divide.js",
          "fullFile": "/Users/onkalo/Downloads/website/testing/COMP.SE.200-2021-2022-1/test/test.js",
          "file": "/test/test.js",
          "beforeHooks": [],
          "afterHooks": [],
          "tests": [
            {
              "title": "should return 1 with parameters 10 and 10",
              "fullTitle": "divide.js should return 1 with parameters 10 and 10",
              "timedOut": false,
              "duration": 0,
              "state": "passed",
              "speed": "fast",
              "pass": true,
              "fail": false,
              "pending": false,
              "context": null,
              "code": "const dividend = 10;\nconst divisor = 10;\nconst quotient = divide(dividend, divisor);\nexpect(quotient).to.equal(1);",
              "err": {},
              "uuid": "2e2f3169-e582-46bd-84ff-b37a012ed2ba",
              "parentUUID": "7992fec3-38aa-416d-90b2-5b02633eae4c",
              "isHook": false,
              "skipped": false
            },
            {
              "title": "should return 2 with parameters 10 and 5",
              "fullTitle": "divide.js should return 2 with parameters 10 and 5",
              "timedOut": false,
              "duration": 1,
              "state": "failed",
              "speed": null,
              "pass": false,
              "fail": true,
              "pending": false,
              "context": null,
              "code": "const dividend = 10;\nconst divisor = 5;\nconst quotient = divide(dividend, divisor);\nexpect(quotient).to.equal(2);",
              "err": {
                "message": "AssertionError: expected 1 to equal 2",
                "estack": "AssertionError: expected 1 to equal 2\n    at Context.<anonymous> (file:///Users/onkalo/Downloads/website/testing/COMP.SE.200-2021-2022-1/test/test.js:112:29)\n    at processImmediate (internal/timers.js:461:21)",
                "diff": "- 1\n+ 2\n"
              },
              "uuid": "009170d4-9561-41bb-b294-40a93ea36421",
              "parentUUID": "7992fec3-38aa-416d-90b2-5b02633eae4c",
              "isHook": false,
              "skipped": false
            },
            {
              "title": "should return 1 with parameters 20 and 5",
              "fullTitle": "divide.js should return 1 with parameters 20 and 5",
              "timedOut": false,
              "duration": 0,
              "state": "failed",
              "speed": null,
              "pass": false,
              "fail": true,
              "pending": false,
              "context": null,
              "code": "const dividend = 20;\nconst divisor = 5;\nconst quotient = divide(dividend, divisor);\nexpect(quotient).to.equal(4);",
              "err": {
                "message": "AssertionError: expected 1 to equal 4",
                "estack": "AssertionError: expected 1 to equal 4\n    at Context.<anonymous> (file:///Users/onkalo/Downloads/website/testing/COMP.SE.200-2021-2022-1/test/test.js:118:29)\n    at processImmediate (internal/timers.js:461:21)",
                "diff": "- 1\n+ 4\n"
              },
              "uuid": "d3cb48bd-6b8e-4ec4-bc24-84381514d473",
              "parentUUID": "7992fec3-38aa-416d-90b2-5b02633eae4c",
              "isHook": false,
              "skipped": false
            }
          ],
          "suites": [],
          "passes": [
            "2e2f3169-e582-46bd-84ff-b37a012ed2ba"
          ],
          "failures": [
            "009170d4-9561-41bb-b294-40a93ea36421",
            "d3cb48bd-6b8e-4ec4-bc24-84381514d473"
          ],
          "pending": [],
          "skipped": [],
          "duration": 1,
          "root": false,
          "rootEmpty": false,
          "_timeout": 10000
        },
        {
          "uuid": "84b9b042-bbc0-40eb-bc3f-a2652de082a6",
          "title": "isEmpty.js",
          "fullFile": "/Users/onkalo/Downloads/website/testing/COMP.SE.200-2021-2022-1/test/test.js",
          "file": "/test/test.js",
          "beforeHooks": [],
          "afterHooks": [],
          "tests": [
            {
              "title": "should return true with parameter null",
              "fullTitle": "isEmpty.js should return true with parameter null",
              "timedOut": false,
              "duration": 1,
              "state": "passed",
              "speed": "fast",
              "pass": true,
              "fail": false,
              "pending": false,
              "context": null,
              "code": "const value = null;\nconst empty = isEmpty(value);\nexpect(empty).to.be.true;",
              "err": {},
              "uuid": "ae431137-f6b6-4683-a07b-db12108c1e4a",
              "parentUUID": "84b9b042-bbc0-40eb-bc3f-a2652de082a6",
              "isHook": false,
              "skipped": false
            },
            {
              "title": "should return false with a value as parameter",
              "fullTitle": "isEmpty.js should return false with a value as parameter",
              "timedOut": false,
              "duration": 1,
              "state": "passed",
              "speed": "fast",
              "pass": true,
              "fail": false,
              "pending": false,
              "context": null,
              "code": "const value = 'deez nuts';\nconst empty = isEmpty(value);\nexpect(empty).to.be.false;",
              "err": {},
              "uuid": "c47666ba-1837-4775-96fd-17df6f31cdfe",
              "parentUUID": "84b9b042-bbc0-40eb-bc3f-a2652de082a6",
              "isHook": false,
              "skipped": false
            },
            {
              "title": "should return false with an array that has elements",
              "fullTitle": "isEmpty.js should return false with an array that has elements",
              "timedOut": false,
              "duration": 0,
              "state": "passed",
              "speed": "fast",
              "pass": true,
              "fail": false,
              "pending": false,
              "context": null,
              "code": "const value = ['deez', 'nuts', 'ha', 'gottem'];\nconst empty = isEmpty(value);\nexpect(empty).to.be.false;",
              "err": {},
              "uuid": "294e1d41-23dc-4bb2-982d-bd8505c35d75",
              "parentUUID": "84b9b042-bbc0-40eb-bc3f-a2652de082a6",
              "isHook": false,
              "skipped": false
            },
            {
              "title": "should return true with an empty array",
              "fullTitle": "isEmpty.js should return true with an empty array",
              "timedOut": false,
              "duration": 0,
              "state": "passed",
              "speed": "fast",
              "pass": true,
              "fail": false,
              "pending": false,
              "context": null,
              "code": "const value = [];\nconst empty = isEmpty(value);\nexpect(empty).to.be.true;",
              "err": {},
              "uuid": "7f5e2236-518a-4bdc-aef4-b6aff41d77d7",
              "parentUUID": "84b9b042-bbc0-40eb-bc3f-a2652de082a6",
              "isHook": false,
              "skipped": false
            }
          ],
          "suites": [],
          "passes": [
            "ae431137-f6b6-4683-a07b-db12108c1e4a",
            "c47666ba-1837-4775-96fd-17df6f31cdfe",
            "294e1d41-23dc-4bb2-982d-bd8505c35d75",
            "7f5e2236-518a-4bdc-aef4-b6aff41d77d7"
          ],
          "failures": [],
          "pending": [],
          "skipped": [],
          "duration": 2,
          "root": false,
          "rootEmpty": false,
          "_timeout": 10000
        },
        {
          "uuid": "8cce56e3-dfdd-4df8-9916-9885fb56ea4c",
          "title": "ceil.js",
          "fullFile": "/Users/onkalo/Downloads/website/testing/COMP.SE.200-2021-2022-1/test/test.js",
          "file": "/test/test.js",
          "beforeHooks": [],
          "afterHooks": [],
          "tests": [
            {
              "title": "should return a number",
              "fullTitle": "ceil.js should return a number",
              "timedOut": false,
              "duration": 0,
              "state": "passed",
              "speed": "fast",
              "pass": true,
              "fail": false,
              "pending": false,
              "context": null,
              "code": "const number = 4.006;\nconst ceiling = ceil(number);\nexpect(ceiling).to.be.a('number');",
              "err": {},
              "uuid": "afe2c84a-1781-4afa-b150-715198ec7876",
              "parentUUID": "8cce56e3-dfdd-4df8-9916-9885fb56ea4c",
              "isHook": false,
              "skipped": false
            },
            {
              "title": "should return 5 with number 4.006",
              "fullTitle": "ceil.js should return 5 with number 4.006",
              "timedOut": false,
              "duration": 0,
              "state": "passed",
              "speed": "fast",
              "pass": true,
              "fail": false,
              "pending": false,
              "context": null,
              "code": "const number = 4.006;\nconst ceiling = ceil(number);\nexpect(ceiling).to.be.equal(5);",
              "err": {},
              "uuid": "0693d8fd-e040-4291-9c0b-99a6c12e50cc",
              "parentUUID": "8cce56e3-dfdd-4df8-9916-9885fb56ea4c",
              "isHook": false,
              "skipped": false
            },
            {
              "title": "should return 6.01 with number 6.004 and precision 2",
              "fullTitle": "ceil.js should return 6.01 with number 6.004 and precision 2",
              "timedOut": false,
              "duration": 0,
              "state": "passed",
              "speed": "fast",
              "pass": true,
              "fail": false,
              "pending": false,
              "context": null,
              "code": "const number = 6.004;\nconst precision = 2;\nconst ceiling = ceil(number, precision);\nexpect(ceiling).to.be.equal(6.01);",
              "err": {},
              "uuid": "fb895038-4346-40a1-89ef-12cb379c9be0",
              "parentUUID": "8cce56e3-dfdd-4df8-9916-9885fb56ea4c",
              "isHook": false,
              "skipped": false
            },
            {
              "title": "should return 6100 with number 6040 and precision -2",
              "fullTitle": "ceil.js should return 6100 with number 6040 and precision -2",
              "timedOut": false,
              "duration": 0,
              "state": "passed",
              "speed": "fast",
              "pass": true,
              "fail": false,
              "pending": false,
              "context": null,
              "code": "const number = 6040;\nconst precision = -2;\nconst ceiling = ceil(number, precision);\nexpect(ceiling).to.be.equal(6100);",
              "err": {},
              "uuid": "1b5647eb-da78-4b05-996a-7b0e40c45f9a",
              "parentUUID": "8cce56e3-dfdd-4df8-9916-9885fb56ea4c",
              "isHook": false,
              "skipped": false
            }
          ],
          "suites": [],
          "passes": [
            "afe2c84a-1781-4afa-b150-715198ec7876",
            "0693d8fd-e040-4291-9c0b-99a6c12e50cc",
            "fb895038-4346-40a1-89ef-12cb379c9be0",
            "1b5647eb-da78-4b05-996a-7b0e40c45f9a"
          ],
          "failures": [],
          "pending": [],
          "skipped": [],
          "duration": 0,
          "root": false,
          "rootEmpty": false,
          "_timeout": 10000
        },
        {
          "uuid": "7ec1aeee-0ad4-4ff1-baa4-ddd1ac067eaa",
          "title": "drop.js",
          "fullFile": "/Users/onkalo/Downloads/website/testing/COMP.SE.200-2021-2022-1/test/test.js",
          "file": "/test/test.js",
          "beforeHooks": [],
          "afterHooks": [],
          "tests": [
            {
              "title": "should return [2, 3] with parameter [1, 2, 3] and 1",
              "fullTitle": "drop.js should return [2, 3] with parameter [1, 2, 3] and 1",
              "timedOut": false,
              "duration": 1,
              "state": "passed",
              "speed": "fast",
              "pass": true,
              "fail": false,
              "pending": false,
              "context": null,
              "code": "const arr = [1, 2, 3];\nconst amountToDrop = 1;\nconst dropped = drop(arr, amountToDrop);\nexpect(dropped).to.include(2, 3);",
              "err": {},
              "uuid": "18969747-f66d-40e0-9719-35f283dcdc96",
              "parentUUID": "7ec1aeee-0ad4-4ff1-baa4-ddd1ac067eaa",
              "isHook": false,
              "skipped": false
            },
            {
              "title": "should return [3] with parameter [1, 2, 3] and 2",
              "fullTitle": "drop.js should return [3] with parameter [1, 2, 3] and 2",
              "timedOut": false,
              "duration": 0,
              "state": "passed",
              "speed": "fast",
              "pass": true,
              "fail": false,
              "pending": false,
              "context": null,
              "code": "const arr = [1, 2, 3];\nconst amountToDrop = 2;\nconst dropped = drop(arr, amountToDrop);\nexpect(dropped).to.include(3);",
              "err": {},
              "uuid": "0fcf2145-0900-4946-8cdd-b53b60ff2076",
              "parentUUID": "7ec1aeee-0ad4-4ff1-baa4-ddd1ac067eaa",
              "isHook": false,
              "skipped": false
            }
          ],
          "suites": [],
          "passes": [
            "18969747-f66d-40e0-9719-35f283dcdc96",
            "0fcf2145-0900-4946-8cdd-b53b60ff2076"
          ],
          "failures": [],
          "pending": [],
          "skipped": [],
          "duration": 1,
          "root": false,
          "rootEmpty": false,
          "_timeout": 10000
        },
        {
          "uuid": "84ad3de6-5385-473c-b6cf-0a4b10cdb4e0",
          "title": "toInteger.js",
          "fullFile": "/Users/onkalo/Downloads/website/testing/COMP.SE.200-2021-2022-1/test/test.js",
          "file": "/test/test.js",
          "beforeHooks": [],
          "afterHooks": [],
          "tests": [
            {
              "title": "should return number",
              "fullTitle": "toInteger.js should return number",
              "timedOut": false,
              "duration": 0,
              "state": "passed",
              "speed": "fast",
              "pass": true,
              "fail": false,
              "pending": false,
              "context": null,
              "code": "const floatNumber = '';\nconst integerResult = toInteger(floatNumber);\nexpect(integerResult).to.be.a('number');",
              "err": {},
              "uuid": "5c0a7b1c-1c87-4543-81e2-fa2426b7e64f",
              "parentUUID": "84ad3de6-5385-473c-b6cf-0a4b10cdb4e0",
              "isHook": false,
              "skipped": false
            },
            {
              "title": "should return 3 with float 3.2",
              "fullTitle": "toInteger.js should return 3 with float 3.2",
              "timedOut": false,
              "duration": 0,
              "state": "passed",
              "speed": "fast",
              "pass": true,
              "fail": false,
              "pending": false,
              "context": null,
              "code": "const floatNumber = 3.2;\nconst integerResult = toInteger(floatNumber);\nexpect(integerResult).to.equal(3);",
              "err": {},
              "uuid": "aa096ce8-4f53-4e39-916c-569b6763d06e",
              "parentUUID": "84ad3de6-5385-473c-b6cf-0a4b10cdb4e0",
              "isHook": false,
              "skipped": false
            },
            {
              "title": "should return 10 with float 10.123951",
              "fullTitle": "toInteger.js should return 10 with float 10.123951",
              "timedOut": false,
              "duration": 1,
              "state": "passed",
              "speed": "fast",
              "pass": true,
              "fail": false,
              "pending": false,
              "context": null,
              "code": "const floatNumber = 10.123951;\nconst integerResult = toInteger(floatNumber);\nexpect(integerResult).to.equal(10);",
              "err": {},
              "uuid": "3f37146d-46db-448d-8242-a063668c4bd5",
              "parentUUID": "84ad3de6-5385-473c-b6cf-0a4b10cdb4e0",
              "isHook": false,
              "skipped": false
            },
            {
              "title": "should return 0 with a string as parameter",
              "fullTitle": "toInteger.js should return 0 with a string as parameter",
              "timedOut": false,
              "duration": 0,
              "state": "failed",
              "speed": null,
              "pass": false,
              "fail": true,
              "pending": false,
              "context": null,
              "code": "const floatNumber = \"my name jeff\";\nconst integerResult = toInteger(floatNumber);\nexpect(integerResult).to.equal(10);",
              "err": {
                "message": "AssertionError: expected 0 to equal 10",
                "estack": "AssertionError: expected 0 to equal 10\n    at Context.<anonymous> (file:///Users/onkalo/Downloads/website/testing/COMP.SE.200-2021-2022-1/test/test.js:202:34)\n    at processImmediate (internal/timers.js:461:21)",
                "diff": "- 0\n+ 10\n"
              },
              "uuid": "0ca890f3-56ee-4c00-9731-b66e7a28499b",
              "parentUUID": "84ad3de6-5385-473c-b6cf-0a4b10cdb4e0",
              "isHook": false,
              "skipped": false
            }
          ],
          "suites": [],
          "passes": [
            "5c0a7b1c-1c87-4543-81e2-fa2426b7e64f",
            "aa096ce8-4f53-4e39-916c-569b6763d06e",
            "3f37146d-46db-448d-8242-a063668c4bd5"
          ],
          "failures": [
            "0ca890f3-56ee-4c00-9731-b66e7a28499b"
          ],
          "pending": [],
          "skipped": [],
          "duration": 1,
          "root": false,
          "rootEmpty": false,
          "_timeout": 10000
        },
        {
          "uuid": "1237258c-a081-4f26-8abc-9452098aa7c0",
          "title": "toString.js",
          "fullFile": "/Users/onkalo/Downloads/website/testing/COMP.SE.200-2021-2022-1/test/test.js",
          "file": "/test/test.js",
          "beforeHooks": [],
          "afterHooks": [],
          "tests": [
            {
              "title": "should return a string",
              "fullTitle": "toString.js should return a string",
              "timedOut": false,
              "duration": 0,
              "state": "passed",
              "speed": "fast",
              "pass": true,
              "fail": false,
              "pending": false,
              "context": null,
              "code": "const input = 1;\nconst resultString = toString(input);\nexpect(resultString).to.be.a('string');",
              "err": {},
              "uuid": "30f45d33-9ffe-4b8a-b9a6-eb805e7cf498",
              "parentUUID": "1237258c-a081-4f26-8abc-9452098aa7c0",
              "isHook": false,
              "skipped": false
            },
            {
              "title": "should return \"123\" with input 123",
              "fullTitle": "toString.js should return \"123\" with input 123",
              "timedOut": false,
              "duration": 1,
              "state": "passed",
              "speed": "fast",
              "pass": true,
              "fail": false,
              "pending": false,
              "context": null,
              "code": "const input = 123;\nconst resultString = toString(input);\nexpect(resultString).to.equal('123');",
              "err": {},
              "uuid": "40bdcdfa-73cd-4a1b-bc06-474835d1e13b",
              "parentUUID": "1237258c-a081-4f26-8abc-9452098aa7c0",
              "isHook": false,
              "skipped": false
            },
            {
              "title": "should return \"1,2,3\" with input [1, 2, 3]",
              "fullTitle": "toString.js should return \"1,2,3\" with input [1, 2, 3]",
              "timedOut": false,
              "duration": 0,
              "state": "passed",
              "speed": "fast",
              "pass": true,
              "fail": false,
              "pending": false,
              "context": null,
              "code": "const input = [1, 2, 3];\nconst resultString = toString(input);\nexpect(resultString).to.equal('1,2,3');",
              "err": {},
              "uuid": "9d96be45-794b-4655-84e1-6e1a78a86dc0",
              "parentUUID": "1237258c-a081-4f26-8abc-9452098aa7c0",
              "isHook": false,
              "skipped": false
            },
            {
              "title": "should return empty string with input null",
              "fullTitle": "toString.js should return empty string with input null",
              "timedOut": false,
              "duration": 0,
              "state": "failed",
              "speed": null,
              "pass": false,
              "fail": true,
              "pending": false,
              "context": null,
              "code": "const input = null;\nconst resultString = toString(input);\nexpect(resultString).to.equal('');",
              "err": {
                "message": "AssertionError: expected 'null' to equal ''",
                "estack": "AssertionError: expected 'null' to equal ''\n    at Context.<anonymous> (file:///Users/onkalo/Downloads/website/testing/COMP.SE.200-2021-2022-1/test/test.js:224:33)\n    at processImmediate (internal/timers.js:461:21)",
                "diff": "- null\n"
              },
              "uuid": "1170844f-b0ec-4970-8462-4aca97476d4f",
              "parentUUID": "1237258c-a081-4f26-8abc-9452098aa7c0",
              "isHook": false,
              "skipped": false
            }
          ],
          "suites": [],
          "passes": [
            "30f45d33-9ffe-4b8a-b9a6-eb805e7cf498",
            "40bdcdfa-73cd-4a1b-bc06-474835d1e13b",
            "9d96be45-794b-4655-84e1-6e1a78a86dc0"
          ],
          "failures": [
            "1170844f-b0ec-4970-8462-4aca97476d4f"
          ],
          "pending": [],
          "skipped": [],
          "duration": 1,
          "root": false,
          "rootEmpty": false,
          "_timeout": 10000
        }
      ],
      "passes": [],
      "failures": [],
      "pending": [],
      "skipped": [],
      "duration": 0,
      "root": true,
      "rootEmpty": true,
      "_timeout": 10000
    }
  ],
  "meta": {
    "mocha": {
      "version": "9.1.3"
    },
    "mochawesome": {
      "options": {
        "quiet": false,
        "reportFilename": "mochawesome",
        "saveHtml": true,
        "saveJson": true,
        "consoleReporter": "spec",
        "useInlineDiffs": false,
        "code": true
      },
      "version": "7.0.1"
    },
    "marge": {
      "options": null,
      "version": "6.0.1"
    }
  }
}